Using pre-set license
Built from '2020.3/staging' branch; Version is '2020.3.38f1 (8f5fde82e2dc) revision 9396190'; Using compiler version '192528614'; Build Type 'Release'
OS: 'Windows 10  (10.0.19044) 64bit CoreSingleLanguage' Language: 'en' Physical Memory: 7998 MB
BatchMode: 1, IsHumanControllingUs: 0, StartBugReporterOnCrash: 0, Is64bit: 1, IsPro: 0

COMMAND LINE ARGUMENTS:
C:\Program Files\Unity 2020.3.38f1\Editor\Unity.exe
-adb2
-batchMode
-noUpm
-name
AssetImportWorker0
-projectPath
C:/Users/manas/Downloads/TheUpsideDownGame compiled
-logFile
Logs/AssetImportWorker0.log
-srvPort
50966
Successfully changed project path to: C:/Users/manas/Downloads/TheUpsideDownGame compiled
C:/Users/manas/Downloads/TheUpsideDownGame compiled
Using Asset Import Pipeline V2.
Refreshing native plugins compatible for Editor in 51.88 ms, found 2 plugins.
Preloading 0 native plugins for Editor in 0.00 ms.
Initialize engine version: 2020.3.38f1 (8f5fde82e2dc)
[Subsystems] Discovering subsystems at path C:/Program Files/Unity 2020.3.38f1/Editor/Data/Resources/UnitySubsystems
[Subsystems] Discovering subsystems at path C:/Users/manas/Downloads/TheUpsideDownGame compiled/Assets
GfxDevice: creating device client; threaded=0
Direct3D:
    Version:  Direct3D 11.0 [level 11.1]
    Renderer: NVIDIA GeForce GTX 1650 (ID=0x1f91)
    Vendor:   
    VRAM:     3962 MB
    Driver:   30.0.15.1278
Initialize mono
Mono path[0] = 'C:/Program Files/Unity 2020.3.38f1/Editor/Data/Managed'
Mono path[1] = 'C:/Program Files/Unity 2020.3.38f1/Editor/Data/MonoBleedingEdge/lib/mono/unityjit'
Mono config path = 'C:/Program Files/Unity 2020.3.38f1/Editor/Data/MonoBleedingEdge/etc'
Using monoOptions --debugger-agent=transport=dt_socket,embedding=1,server=y,suspend=n,address=127.0.0.1:56988
Begin MonoManager ReloadAssembly
Registering precompiled unity dll's ...
Register platform support module: C:/Program Files/Unity 2020.3.38f1/Editor/Data/PlaybackEngines/WebGLSupport/UnityEditor.WebGL.Extensions.dll
Register platform support module: C:/Program Files/Unity 2020.3.38f1/Editor/Data/PlaybackEngines/WindowsStandaloneSupport/UnityEditor.WindowsStandalone.Extensions.dll
Registered in 0.002310 seconds.
Native extension for WindowsStandalone target not found
Native extension for WebGL target not found
Refreshing native plugins compatible for Editor in 52.16 ms, found 2 plugins.
Preloading 0 native plugins for Editor in 0.00 ms.
Mono: successfully reloaded assembly
- Completed reload, in  0.648 seconds
Domain Reload Profiling:
	ReloadAssembly (649ms)
		BeginReloadAssembly (80ms)
			ExecutionOrderSort (0ms)
			DisableScriptedObjects (0ms)
			BackupInstance (0ms)
			ReleaseScriptingObjects (0ms)
			CreateAndSetChildDomain (1ms)
		EndReloadAssembly (485ms)
			LoadAssemblies (80ms)
			RebuildTransferFunctionScriptingTraits (0ms)
			SetupTypeCache (174ms)
			ReleaseScriptCaches (0ms)
			RebuildScriptCaches (31ms)
			SetupLoadedEditorAssemblies (175ms)
				LogAssemblyErrors (0ms)
				InitializePlatformSupportModulesInManaged (5ms)
				SetLoadedEditorAssemblies (0ms)
				RefreshPlugins (52ms)
				BeforeProcessingInitializeOnLoad (13ms)
				ProcessInitializeOnLoadAttributes (78ms)
				ProcessInitializeOnLoadMethodAttributes (26ms)
				AfterProcessingInitializeOnLoad (0ms)
				EditorAssembliesLoaded (0ms)
			ExecutionOrderSort2 (0ms)
			AwakeInstancesAfterBackupRestoration (0ms)
Platform modules already initialized, skipping
Registering precompiled user dll's ...
Registered in 0.003187 seconds.
Begin MonoManager ReloadAssembly
Native extension for WindowsStandalone target not found
Native extension for WebGL target not found
Refreshing native plugins compatible for Editor in 49.97 ms, found 2 plugins.
Preloading 0 native plugins for Editor in 0.00 ms.
Mono: successfully reloaded assembly
- Completed reload, in  1.535 seconds
Domain Reload Profiling:
	ReloadAssembly (1535ms)
		BeginReloadAssembly (173ms)
			ExecutionOrderSort (0ms)
			DisableScriptedObjects (4ms)
			BackupInstance (0ms)
			ReleaseScriptingObjects (0ms)
			CreateAndSetChildDomain (20ms)
		EndReloadAssembly (1294ms)
			LoadAssemblies (107ms)
			RebuildTransferFunctionScriptingTraits (0ms)
			SetupTypeCache (300ms)
			ReleaseScriptCaches (0ms)
			RebuildScriptCaches (49ms)
			SetupLoadedEditorAssemblies (744ms)
				LogAssemblyErrors (0ms)
				InitializePlatformSupportModulesInManaged (4ms)
				SetLoadedEditorAssemblies (0ms)
				RefreshPlugins (50ms)
				BeforeProcessingInitializeOnLoad (67ms)
				ProcessInitializeOnLoadAttributes (601ms)
				ProcessInitializeOnLoadMethodAttributes (16ms)
				AfterProcessingInitializeOnLoad (6ms)
				EditorAssembliesLoaded (0ms)
			ExecutionOrderSort2 (0ms)
			AwakeInstancesAfterBackupRestoration (2ms)
Platform modules already initialized, skipping
========================================================================
Worker process is ready to serve import requests
Launched and connected shader compiler UnityShaderCompiler.exe after 0.05 seconds
Refreshing native plugins compatible for Editor in 0.88 ms, found 2 plugins.
Preloading 0 native plugins for Editor in 0.00 ms.
Unloading 2385 Unused Serialized files (Serialized files now loaded: 0)
System memory in use before: 143.5 MB.
System memory in use after: 143.6 MB.

Unloading 32 unused Assets to reduce memory usage. Loaded Objects now: 2861.
Total: 3.411500 ms (FindLiveObjects: 0.211900 ms CreateObjectMapping: 0.114500 ms MarkObjects: 2.897900 ms  DeleteObjects: 0.186300 ms)

AssetImportParameters requested are different than current active one (requested -> active):
  custom:framework-win-MediaFoundation: 216162199b28c13a410421893ffa2e32 -> 
  custom:video-decoder-ogg-theora: a1e56fd34408186e4bbccfd4996cb3dc -> 
  custom:container-muxer-webm: aa71ff27fc2769a1b78a27578f13a17b -> 
  custom:container-demuxer-webm: 4f35f7cbe854078d1ac9338744f61a02 -> 
  custom:container-demuxer-ogg: 62fdf1f143b41e24485cea50d1cbac27 -> 
  custom:video-encoder-webm-vp8: eb34c28f22e8b96e1ab97ce403110664 -> 
  custom:video-codec-MediaFoundation-h265: 746d11721c4dcdbdad8f713fa42b33f4 -> 
  custom:video-decoder-webm-vp8: 9c59270c3fd7afecdb556c50c9e8de78 -> 
  custom:audio-decoder-ogg-vorbis: bf7c407c2cedff20999df2af8eb42d56 -> 
  custom:audio-encoder-webm-vorbis: bf7c407c2cedff20999df2af8eb42d56 -> 
========================================================================
Received Import Request.
  path: Assets/Scenes/UI.unity
  artifactKey: Guid(1c6bd38db3cea5a439bb1932a68be410) Importer(815301076,1909f56bfc062723c751e8b465ee728b)
Start importing Assets/Scenes/UI.unity using Guid(1c6bd38db3cea5a439bb1932a68be410) Importer(815301076,1909f56bfc062723c751e8b465ee728b)  -> (artifact id: '9d61023360bcb8b60a47400ccf4d40dd') in 0.009112 seconds 
========================================================================
Received Prepare
Registering precompiled user dll's ...
Registered in 0.002802 seconds.
Begin MonoManager ReloadAssembly
Native extension for WindowsStandalone target not found
Native extension for WebGL target not found
Refreshing native plugins compatible for Editor in 0.53 ms, found 2 plugins.
Preloading 0 native plugins for Editor in 0.00 ms.
Mono: successfully reloaded assembly
- Completed reload, in  1.370 seconds
Domain Reload Profiling:
	ReloadAssembly (1370ms)
		BeginReloadAssembly (124ms)
			ExecutionOrderSort (0ms)
			DisableScriptedObjects (4ms)
			BackupInstance (0ms)
			ReleaseScriptingObjects (0ms)
			CreateAndSetChildDomain (39ms)
		EndReloadAssembly (1188ms)
			LoadAssemblies (98ms)
			RebuildTransferFunctionScriptingTraits (0ms)
			SetupTypeCache (285ms)
			ReleaseScriptCaches (1ms)
			RebuildScriptCaches (40ms)
			SetupLoadedEditorAssemblies (662ms)
				LogAssemblyErrors (0ms)
				InitializePlatformSupportModulesInManaged (5ms)
				SetLoadedEditorAssemblies (0ms)
				RefreshPlugins (1ms)
				BeforeProcessingInitializeOnLoad (83ms)
				ProcessInitializeOnLoadAttributes (551ms)
				ProcessInitializeOnLoadMethodAttributes (15ms)
				AfterProcessingInitializeOnLoad (6ms)
				EditorAssembliesLoaded (0ms)
			ExecutionOrderSort2 (0ms)
			AwakeInstancesAfterBackupRestoration (3ms)
Platform modules already initialized, skipping
Refreshing native plugins compatible for Editor in 0.60 ms, found 2 plugins.
Preloading 0 native plugins for Editor in 0.00 ms.
Unloading 2319 Unused Serialized files (Serialized files now loaded: 0)
System memory in use before: 137.8 MB.
System memory in use after: 137.9 MB.

Unloading 15 unused Assets to reduce memory usage. Loaded Objects now: 2865.
Total: 3.966100 ms (FindLiveObjects: 0.259700 ms CreateObjectMapping: 0.235800 ms MarkObjects: 3.241500 ms  DeleteObjects: 0.228100 ms)

AssetImportParameters requested are different than current active one (requested -> active):
  custom:framework-win-MediaFoundation: 216162199b28c13a410421893ffa2e32 -> 
  custom:video-decoder-ogg-theora: a1e56fd34408186e4bbccfd4996cb3dc -> 
  custom:container-muxer-webm: aa71ff27fc2769a1b78a27578f13a17b -> 
  custom:container-demuxer-webm: 4f35f7cbe854078d1ac9338744f61a02 -> 
  custom:container-demuxer-ogg: 62fdf1f143b41e24485cea50d1cbac27 -> 
  custom:video-encoder-webm-vp8: eb34c28f22e8b96e1ab97ce403110664 -> 
  custom:video-codec-MediaFoundation-h265: 746d11721c4dcdbdad8f713fa42b33f4 -> 
  custom:video-decoder-webm-vp8: 9c59270c3fd7afecdb556c50c9e8de78 -> 
  custom:audio-decoder-ogg-vorbis: bf7c407c2cedff20999df2af8eb42d56 -> 
  custom:audio-encoder-webm-vorbis: bf7c407c2cedff20999df2af8eb42d56 -> 
========================================================================
Received Import Request.
  Time since last request: 945.753777 seconds.
  path: Assets/Scenes/Entry.unity
  artifactKey: Guid(99c9720ab356a0642a771bea13969a05) Importer(815301076,1909f56bfc062723c751e8b465ee728b)
Start importing Assets/Scenes/Entry.unity using Guid(99c9720ab356a0642a771bea13969a05) Importer(815301076,1909f56bfc062723c751e8b465ee728b)  -> (artifact id: '12ef5b11ed85ed91082df2953f50d598') in 0.011293 seconds 
========================================================================
Received Import Request.
  Time since last request: 2.050344 seconds.
  path: Assets/Scenes/introdctory.unity
  artifactKey: Guid(5e4e1713c8391af41a6ba3351ad84294) Importer(815301076,1909f56bfc062723c751e8b465ee728b)
Start importing Assets/Scenes/introdctory.unity using Guid(5e4e1713c8391af41a6ba3351ad84294) Importer(815301076,1909f56bfc062723c751e8b465ee728b)  -> (artifact id: '13913af6e99dea2106a791e5f18df3d3') in 0.004766 seconds 
========================================================================
Received Import Request.
  Time since last request: 8.380214 seconds.
  path: Assets/Scenes/Level2.unity
  artifactKey: Guid(b99e541eb722745e1a2ebc081bffd276) Importer(815301076,1909f56bfc062723c751e8b465ee728b)
Start importing Assets/Scenes/Level2.unity using Guid(b99e541eb722745e1a2ebc081bffd276) Importer(815301076,1909f56bfc062723c751e8b465ee728b)  -> (artifact id: '47acf9d65b15226b8e9b5346abbe16dd') in 0.011609 seconds 
========================================================================
Received Import Request.
  Time since last request: 1.979745 seconds.
  path: Assets/Scenes/loseGame.unity
  artifactKey: Guid(7e740abc8fbe2bc4bbdb01fd9235366a) Importer(815301076,1909f56bfc062723c751e8b465ee728b)
Start importing Assets/Scenes/loseGame.unity using Guid(7e740abc8fbe2bc4bbdb01fd9235366a) Importer(815301076,1909f56bfc062723c751e8b465ee728b)  -> (artifact id: '896565cac5a4f21b979bcf302baebffa') in 0.009771 seconds 
========================================================================
Received Import Request.
  Time since last request: 3.654056 seconds.
  path: Assets/Scenes/menu.unity
  artifactKey: Guid(f24e3c542a8e04f4b98b93f168de1b7c) Importer(815301076,1909f56bfc062723c751e8b465ee728b)
Start importing Assets/Scenes/menu.unity using Guid(f24e3c542a8e04f4b98b93f168de1b7c) Importer(815301076,1909f56bfc062723c751e8b465ee728b)  -> (artifact id: '16dcc80d710e2265f776b5ba437d7f10') in 0.011898 seconds 
========================================================================
Received Import Request.
  Time since last request: 101.539267 seconds.
  path: Assets/scripts/GameManager.cs
  artifactKey: Guid(f555561b1fa7bea4193d09e7b9dc6473) Importer(815301076,1909f56bfc062723c751e8b465ee728b)
Start importing Assets/scripts/GameManager.cs using Guid(f555561b1fa7bea4193d09e7b9dc6473) Importer(815301076,1909f56bfc062723c751e8b465ee728b)  -> (artifact id: '6fe0faca6aeea2843e92f313956aec4b') in 0.054450 seconds 
========================================================================
Received Prepare
Registering precompiled user dll's ...
Registered in 0.002965 seconds.
Begin MonoManager ReloadAssembly
Native extension for WindowsStandalone target not found
Native extension for WebGL target not found
Refreshing native plugins compatible for Editor in 0.63 ms, found 2 plugins.
Preloading 0 native plugins for Editor in 0.00 ms.
Mono: successfully reloaded assembly
- Completed reload, in  1.328 seconds
Domain Reload Profiling:
	ReloadAssembly (1328ms)
		BeginReloadAssembly (114ms)
			ExecutionOrderSort (0ms)
			DisableScriptedObjects (4ms)
			BackupInstance (0ms)
			ReleaseScriptingObjects (0ms)
			CreateAndSetChildDomain (36ms)
		EndReloadAssembly (1159ms)
			LoadAssemblies (89ms)
			RebuildTransferFunctionScriptingTraits (0ms)
			SetupTypeCache (279ms)
			ReleaseScriptCaches (1ms)
			RebuildScriptCaches (42ms)
			SetupLoadedEditorAssemblies (651ms)
				LogAssemblyErrors (0ms)
				InitializePlatformSupportModulesInManaged (5ms)
				SetLoadedEditorAssemblies (0ms)
				RefreshPlugins (1ms)
				BeforeProcessingInitializeOnLoad (83ms)
				ProcessInitializeOnLoadAttributes (538ms)
				ProcessInitializeOnLoadMethodAttributes (16ms)
				AfterProcessingInitializeOnLoad (7ms)
				EditorAssembliesLoaded (0ms)
			ExecutionOrderSort2 (0ms)
			AwakeInstancesAfterBackupRestoration (3ms)
Platform modules already initialized, skipping
Refreshing native plugins compatible for Editor in 0.58 ms, found 2 plugins.
Preloading 0 native plugins for Editor in 0.00 ms.
Unloading 2320 Unused Serialized files (Serialized files now loaded: 0)
System memory in use before: 137.9 MB.
System memory in use after: 138.0 MB.

Unloading 15 unused Assets to reduce memory usage. Loaded Objects now: 2870.
Total: 3.141000 ms (FindLiveObjects: 0.210900 ms CreateObjectMapping: 0.121000 ms MarkObjects: 2.661600 ms  DeleteObjects: 0.146400 ms)

AssetImportParameters requested are different than current active one (requested -> active):
  custom:framework-win-MediaFoundation: 216162199b28c13a410421893ffa2e32 -> 
  custom:video-decoder-ogg-theora: a1e56fd34408186e4bbccfd4996cb3dc -> 
  custom:container-muxer-webm: aa71ff27fc2769a1b78a27578f13a17b -> 
  custom:container-demuxer-webm: 4f35f7cbe854078d1ac9338744f61a02 -> 
  custom:container-demuxer-ogg: 62fdf1f143b41e24485cea50d1cbac27 -> 
  custom:video-encoder-webm-vp8: eb34c28f22e8b96e1ab97ce403110664 -> 
  custom:video-codec-MediaFoundation-h265: 746d11721c4dcdbdad8f713fa42b33f4 -> 
  custom:video-decoder-webm-vp8: 9c59270c3fd7afecdb556c50c9e8de78 -> 
  custom:audio-decoder-ogg-vorbis: bf7c407c2cedff20999df2af8eb42d56 -> 
  custom:audio-encoder-webm-vorbis: bf7c407c2cedff20999df2af8eb42d56 -> 
========================================================================
Received Import Request.
  Time since last request: 14.253809 seconds.
  path: Assets/scripts/GameManager.cs
  artifactKey: Guid(f555561b1fa7bea4193d09e7b9dc6473) Importer(815301076,1909f56bfc062723c751e8b465ee728b)
Start importing Assets/scripts/GameManager.cs using Guid(f555561b1fa7bea4193d09e7b9dc6473) Importer(815301076,1909f56bfc062723c751e8b465ee728b)  -> (artifact id: '1c05da17bc7c5022edee4f36ab939517') in 0.013257 seconds 
========================================================================
Received Import Request.
  Time since last request: 13.274424 seconds.
  path: Assets/Scenes/Level3.unity
  artifactKey: Guid(a758bf365b6e740c18ba46bb2358bd41) Importer(815301076,1909f56bfc062723c751e8b465ee728b)
Start importing Assets/Scenes/Level3.unity using Guid(a758bf365b6e740c18ba46bb2358bd41) Importer(815301076,1909f56bfc062723c751e8b465ee728b)  -> (artifact id: '1950d84df66bdaff62aabc32ecf40fc6') in 0.009589 seconds 
========================================================================
Received Prepare
Registering precompiled user dll's ...
Registered in 0.002895 seconds.
Begin MonoManager ReloadAssembly
Native extension for WindowsStandalone target not found
Native extension for WebGL target not found
Refreshing native plugins compatible for Editor in 0.52 ms, found 2 plugins.
Preloading 0 native plugins for Editor in 0.00 ms.
Mono: successfully reloaded assembly
- Completed reload, in  1.379 seconds
Domain Reload Profiling:
	ReloadAssembly (1380ms)
		BeginReloadAssembly (139ms)
			ExecutionOrderSort (0ms)
			DisableScriptedObjects (5ms)
			BackupInstance (0ms)
			ReleaseScriptingObjects (0ms)
			CreateAndSetChildDomain (50ms)
		EndReloadAssembly (1178ms)
			LoadAssemblies (101ms)
			RebuildTransferFunctionScriptingTraits (0ms)
			SetupTypeCache (290ms)
			ReleaseScriptCaches (1ms)
			RebuildScriptCaches (42ms)
			SetupLoadedEditorAssemblies (656ms)
				LogAssemblyErrors (0ms)
				InitializePlatformSupportModulesInManaged (4ms)
				SetLoadedEditorAssemblies (0ms)
				RefreshPlugins (1ms)
				BeforeProcessingInitializeOnLoad (80ms)
				ProcessInitializeOnLoadAttributes (549ms)
				ProcessInitializeOnLoadMethodAttributes (16ms)
				AfterProcessingInitializeOnLoad (6ms)
				EditorAssembliesLoaded (0ms)
			ExecutionOrderSort2 (0ms)
			AwakeInstancesAfterBackupRestoration (3ms)
Platform modules already initialized, skipping
Refreshing native plugins compatible for Editor in 0.64 ms, found 2 plugins.
Preloading 0 native plugins for Editor in 0.00 ms.
Unloading 2320 Unused Serialized files (Serialized files now loaded: 0)
System memory in use before: 138.0 MB.
System memory in use after: 138.0 MB.

Unloading 15 unused Assets to reduce memory usage. Loaded Objects now: 2874.
Total: 6.541600 ms (FindLiveObjects: 0.453700 ms CreateObjectMapping: 0.397300 ms MarkObjects: 5.523500 ms  DeleteObjects: 0.165200 ms)

AssetImportParameters requested are different than current active one (requested -> active):
  custom:framework-win-MediaFoundation: 216162199b28c13a410421893ffa2e32 -> 
  custom:video-decoder-ogg-theora: a1e56fd34408186e4bbccfd4996cb3dc -> 
  custom:container-muxer-webm: aa71ff27fc2769a1b78a27578f13a17b -> 
  custom:container-demuxer-webm: 4f35f7cbe854078d1ac9338744f61a02 -> 
  custom:container-demuxer-ogg: 62fdf1f143b41e24485cea50d1cbac27 -> 
  custom:video-encoder-webm-vp8: eb34c28f22e8b96e1ab97ce403110664 -> 
  custom:video-codec-MediaFoundation-h265: 746d11721c4dcdbdad8f713fa42b33f4 -> 
  custom:video-decoder-webm-vp8: 9c59270c3fd7afecdb556c50c9e8de78 -> 
  custom:audio-decoder-ogg-vorbis: bf7c407c2cedff20999df2af8eb42d56 -> 
  custom:audio-encoder-webm-vorbis: bf7c407c2cedff20999df2af8eb42d56 -> 
========================================================================
Received Import Request.
  Time since last request: 162.097185 seconds.
  path: Assets/scripts/GameManager.cs
  artifactKey: Guid(f555561b1fa7bea4193d09e7b9dc6473) Importer(815301076,1909f56bfc062723c751e8b465ee728b)
Start importing Assets/scripts/GameManager.cs using Guid(f555561b1fa7bea4193d09e7b9dc6473) Importer(815301076,1909f56bfc062723c751e8b465ee728b)  -> (artifact id: '777e3b2dfe823042b9641845d1315131') in 0.007082 seconds 
========================================================================
Received Import Request.
  Time since last request: 1054.026755 seconds.
  path: Assets/Assets(ingame)/Terrain/Tom_s Terrain Tools/Example Data/1-splatmap.tif
  artifactKey: Guid(97e9e1e398e2c4fcf806c2a681cfdee7) Importer(815301076,1909f56bfc062723c751e8b465ee728b)
Start importing Assets/Assets(ingame)/Terrain/Tom_s Terrain Tools/Example Data/1-splatmap.tif using Guid(97e9e1e398e2c4fcf806c2a681cfdee7) Importer(815301076,1909f56bfc062723c751e8b465ee728b)  -> (artifact id: '4884ed6376d3a73c379bf4b5b28e5044') in 0.197612 seconds 
========================================================================
Received Import Request.
  Time since last request: 0.000653 seconds.
  path: Assets/Assets(ingame)/Terrain/Tom_s Terrain Tools/Example Data/Example_sliceMap.png
  artifactKey: Guid(b3e4fb69e948d2d4d84c718910d6a05e) Importer(815301076,1909f56bfc062723c751e8b465ee728b)
Start importing Assets/Assets(ingame)/Terrain/Tom_s Terrain Tools/Example Data/Example_sliceMap.png using Guid(b3e4fb69e948d2d4d84c718910d6a05e) Importer(815301076,1909f56bfc062723c751e8b465ee728b)  -> (artifact id: 'b02e2c2cbd4cc78d96c171cfe0210940') in 0.123482 seconds 
========================================================================
Received Import Request.
  Time since last request: 0.000391 seconds.
  path: Assets/PlayFabEditorExtensions/Editor/UI/Images/azure-playfab-logo.png
  artifactKey: Guid(3e5835cf7489c55418093b623008b4ed) Importer(815301076,1909f56bfc062723c751e8b465ee728b)
Start importing Assets/PlayFabEditorExtensions/Editor/UI/Images/azure-playfab-logo.png using Guid(3e5835cf7489c55418093b623008b4ed) Importer(815301076,1909f56bfc062723c751e8b465ee728b)  -> (artifact id: 'eb0159c0014b72da23dd4445394848af') in 0.051840 seconds 
========================================================================
Received Import Request.
  Time since last request: 0.000275 seconds.
  path: Assets/Assets(ingame)/characters/VillagePack/BigHouse/BigHouse.fbx
  artifactKey: Guid(113d36f51d55c2c4a807a09ac76c1d69) Importer(815301076,1909f56bfc062723c751e8b465ee728b)
Start importing Assets/Assets(ingame)/characters/VillagePack/BigHouse/BigHouse.fbx using Guid(113d36f51d55c2c4a807a09ac76c1d69) Importer(815301076,1909f56bfc062723c751e8b465ee728b)  -> (artifact id: 'b5aad76a780dd2dfb40ad6b3cd837c29') in 0.587144 seconds 
========================================================================
Received Import Request.
  Time since last request: 0.000277 seconds.
  path: Assets/Assets(ingame)/characters/max/YUKINUKI@Idle.fbx
  artifactKey: Guid(c3d2d247a1436dc4f8fda0dba822eedf) Importer(815301076,1909f56bfc062723c751e8b465ee728b)
Start importing Assets/Assets(ingame)/characters/max/YUKINUKI@Idle.fbx using Guid(c3d2d247a1436dc4f8fda0dba822eedf) Importer(815301076,1909f56bfc062723c751e8b465ee728b)  -> (artifact id: '26d9c96da3dcf79753addbeed81104c4') in 0.343242 seconds 
========================================================================
Received Import Request.
  Time since last request: 0.000284 seconds.
  path: Assets/Assets(ingame)/characters/2 compleet.3ds.3ds
  artifactKey: Guid(83db09e5aa99ffb4a99b535f28a04e35) Importer(815301076,1909f56bfc062723c751e8b465ee728b)
Start importing Assets/Assets(ingame)/characters/2 compleet.3ds.3ds using Guid(83db09e5aa99ffb4a99b535f28a04e35) Importer(815301076,1909f56bfc062723c751e8b465ee728b)  -> (artifact id: 'ad9bedc416504dfaca8e73e28b33b332') in 3.573592 seconds 
========================================================================
Received Import Request.
  Time since last request: 0.000304 seconds.
  path: Assets/PlayFabEditorExtensions/Editor/Resources/PlayFabEditorPrefsSO.asset
  artifactKey: Guid(4e8f31adaa22af9408a3cb90b19d28ca) Importer(815301076,1909f56bfc062723c751e8b465ee728b)
Start importing Assets/PlayFabEditorExtensions/Editor/Resources/PlayFabEditorPrefsSO.asset using Guid(4e8f31adaa22af9408a3cb90b19d28ca) Importer(815301076,1909f56bfc062723c751e8b465ee728b)  -> (artifact id: '8d4578ad7b800990614ec7ad9486fa24') in 0.011460 seconds 
========================================================================
Received Import Request.
  Time since last request: 0.000286 seconds.
  path: Assets/PlayFabEditorExtensions/Editor/PlayFabEditorExtensions.asmdef
  artifactKey: Guid(8f342294dfb958a4694b67859092b749) Importer(815301076,1909f56bfc062723c751e8b465ee728b)
Start importing Assets/PlayFabEditorExtensions/Editor/PlayFabEditorExtensions.asmdef using Guid(8f342294dfb958a4694b67859092b749) Importer(815301076,1909f56bfc062723c751e8b465ee728b)  -> (artifact id: '88c7a37ba4a631a639d64837067afaf4') in 0.008305 seconds 
========================================================================
Received Import Request.
  Time since last request: 0.000278 seconds.
  path: Assets/Assets(ingame)/characters/SwampHouse/Models/Radio/Tex/Materials/Display 2.mat
  artifactKey: Guid(05fd8194d606e444ca434aa3e12ab7ff) Importer(815301076,1909f56bfc062723c751e8b465ee728b)
Start importing Assets/Assets(ingame)/characters/SwampHouse/Models/Radio/Tex/Materials/Display 2.mat using Guid(05fd8194d606e444ca434aa3e12ab7ff) Importer(815301076,1909f56bfc062723c751e8b465ee728b)  -> (artifact id: 'ebd41803da65cd276d93590da55b608d') in 0.040883 seconds 
========================================================================
Received Import Request.
  Time since last request: 0.000256 seconds.
  path: Assets/Assets(ingame)/Terrain/Tom_s Terrain Tools/Example Data/7-splatmap.tif
  artifactKey: Guid(1194a7f0f9bdccf48a3e435feb3715ea) Importer(815301076,1909f56bfc062723c751e8b465ee728b)
Start importing Assets/Assets(ingame)/Terrain/Tom_s Terrain Tools/Example Data/7-splatmap.tif using Guid(1194a7f0f9bdccf48a3e435feb3715ea) Importer(815301076,1909f56bfc062723c751e8b465ee728b)  -> (artifact id: '6bbe48ab658e63e4206473b983b158e5') in 0.027163 seconds 
========================================================================
Received Import Request.
  Time since last request: 0.000285 seconds.
  path: Assets/Assets(ingame)/Terrain/Tom_s Terrain Tools/Example Data/2-splatmap.tif
  artifactKey: Guid(9a8fdd3204c254a0593b3186e3c44366) Importer(815301076,1909f56bfc062723c751e8b465ee728b)
Start importing Assets/Assets(ingame)/Terrain/Tom_s Terrain Tools/Example Data/2-splatmap.tif using Guid(9a8fdd3204c254a0593b3186e3c44366) Importer(815301076,1909f56bfc062723c751e8b465ee728b)  -> (artifact id: '509233b574222d9b75f5f20131c23765') in 0.023167 seconds 
========================================================================
Received Import Request.
  Time since last request: 0.000290 seconds.
  path: Assets/Assets(ingame)/Terrain/Tom_s Terrain Tools/Example Data/3-splatmap.tif
  artifactKey: Guid(e246e6988e7f445e7a96e3bf4dafafae) Importer(815301076,1909f56bfc062723c751e8b465ee728b)
Start importing Assets/Assets(ingame)/Terrain/Tom_s Terrain Tools/Example Data/3-splatmap.tif using Guid(e246e6988e7f445e7a96e3bf4dafafae) Importer(815301076,1909f56bfc062723c751e8b465ee728b)  -> (artifact id: 'a46424dddc97a6890146eddd438bb1f2') in 0.023390 seconds 
========================================================================
Received Import Request.
  Time since last request: 0.000294 seconds.
  path: Assets/Assets(ingame)/characters/VillagePack/OldHouse/OldHouse.fbx
  artifactKey: Guid(c70032afc7e2f214c8b20d1e445fb365) Importer(815301076,1909f56bfc062723c751e8b465ee728b)
Start importing Assets/Assets(ingame)/characters/VillagePack/OldHouse/OldHouse.fbx using Guid(c70032afc7e2f214c8b20d1e445fb365) Importer(815301076,1909f56bfc062723c751e8b465ee728b)  -> (artifact id: '0cff35aa6acb8b236adad4e1173501f8') in 0.254224 seconds 
========================================================================
Received Import Request.
  Time since last request: 0.000287 seconds.
  path: Assets/Assets(ingame)/terrain assets/Conifers [BOTD]/Render Pipeline Support/Built-in RP/Sources/Materials/M Conifer Bark Simple BODT.mat
  artifactKey: Guid(fcbc9e998124d414da7cb0d951f649a3) Importer(815301076,1909f56bfc062723c751e8b465ee728b)
Start importing Assets/Assets(ingame)/terrain assets/Conifers [BOTD]/Render Pipeline Support/Built-in RP/Sources/Materials/M Conifer Bark Simple BODT.mat using Guid(fcbc9e998124d414da7cb0d951f649a3) Importer(815301076,1909f56bfc062723c751e8b465ee728b)  -> (artifact id: '3c0c408508500327577050e9f69c6ec5') in 0.448698 seconds 
========================================================================
Received Import Request.
  Time since last request: 0.000329 seconds.
  path: Assets/Assets(ingame)/characters/SwampHouse/Models/Radio/Radio.fbx
  artifactKey: Guid(9509c5b766352084a9e9847b113590b2) Importer(815301076,1909f56bfc062723c751e8b465ee728b)
Start importing Assets/Assets(ingame)/characters/SwampHouse/Models/Radio/Radio.fbx using Guid(9509c5b766352084a9e9847b113590b2) Importer(815301076,1909f56bfc062723c751e8b465ee728b)  -> (artifact id: '416769469596168aa9ad92097ed781eb') in 0.074178 seconds 
========================================================================
Received Import Request.
  Time since last request: 0.000308 seconds.
  path: Assets/Assets(ingame)/characters/scene2/FInal.fbx
  artifactKey: Guid(447115e2b2d9e4a47ac7b195700e29f5) Importer(815301076,1909f56bfc062723c751e8b465ee728b)
Start importing Assets/Assets(ingame)/characters/scene2/FInal.fbx using Guid(447115e2b2d9e4a47ac7b195700e29f5) Importer(815301076,1909f56bfc062723c751e8b465ee728b)  -> (artifact id: '665555cb446ceac89c05bc5525948802') in 0.246169 seconds 
========================================================================
Received Import Request.
  Time since last request: 0.000392 seconds.
  path: Assets/TextMesh Pro/Examples _ Extras/Resources/Color Gradient Presets/Blue to Purple - Vertical.asset
  artifactKey: Guid(479a66fa4b094512a62b0a8e553ad95a) Importer(815301076,1909f56bfc062723c751e8b465ee728b)
Start importing Assets/TextMesh Pro/Examples _ Extras/Resources/Color Gradient Presets/Blue to Purple - Vertical.asset using Guid(479a66fa4b094512a62b0a8e553ad95a) Importer(815301076,1909f56bfc062723c751e8b465ee728b)  -> (artifact id: '74bc1c02dddcc06560845594c7ed8b9d') in 0.015898 seconds 
========================================================================
Received Import Request.
  Time since last request: 0.000350 seconds.
  path: Assets/Assets(ingame)/characters/SwampHouse/Models/Radio/Tex/Display.tif
  artifactKey: Guid(152cc8cb36a12fe4c8f3763a27378fdb) Importer(815301076,1909f56bfc062723c751e8b465ee728b)
Start importing Assets/Assets(ingame)/characters/SwampHouse/Models/Radio/Tex/Display.tif using Guid(152cc8cb36a12fe4c8f3763a27378fdb) Importer(815301076,1909f56bfc062723c751e8b465ee728b)  -> (artifact id: '129452153a6a261c9c5a749108fe72bc') in 0.017861 seconds 
========================================================================
Received Import Request.
  Time since last request: 678.582152 seconds.
  path: Assets/scripts/playfab_controller.cs
  artifactKey: Guid(1e45895b18b264b36ae7f1615112f757) Importer(815301076,1909f56bfc062723c751e8b465ee728b)
Start importing Assets/scripts/playfab_controller.cs using Guid(1e45895b18b264b36ae7f1615112f757) Importer(815301076,1909f56bfc062723c751e8b465ee728b)  -> (artifact id: '154887e8ac3d3c4533563035ee0b591e') in 0.010533 seconds 
========================================================================
Received Import Request.
  Time since last request: 98.585720 seconds.
  path: Assets/scripts/playfab_controller.cs
  artifactKey: Guid(1e45895b18b264b36ae7f1615112f757) Importer(815301076,1909f56bfc062723c751e8b465ee728b)
Start importing Assets/scripts/playfab_controller.cs using Guid(1e45895b18b264b36ae7f1615112f757) Importer(815301076,1909f56bfc062723c751e8b465ee728b)  -> (artifact id: '26251a610e842e80732b2ad55a64f267') in 0.003211 seconds 
========================================================================
Received Import Request.
  Time since last request: 14.740628 seconds.
  path: Assets/scripts/playfab_controller.cs
  artifactKey: Guid(1e45895b18b264b36ae7f1615112f757) Importer(815301076,1909f56bfc062723c751e8b465ee728b)
Start importing Assets/scripts/playfab_controller.cs using Guid(1e45895b18b264b36ae7f1615112f757) Importer(815301076,1909f56bfc062723c751e8b465ee728b)  -> (artifact id: '9a56f232a2350b1417767e24b3ed99d3') in 0.003089 seconds 
========================================================================
Received Import Request.
  Time since last request: 72.218006 seconds.
  path: Assets/scripts/playfab_controller.cs
  artifactKey: Guid(1e45895b18b264b36ae7f1615112f757) Importer(815301076,1909f56bfc062723c751e8b465ee728b)
Start importing Assets/scripts/playfab_controller.cs using Guid(1e45895b18b264b36ae7f1615112f757) Importer(815301076,1909f56bfc062723c751e8b465ee728b)  -> (artifact id: '452def55a976324eb4102a14c7ccb70c') in 0.003819 seconds 
========================================================================
Received Import Request.
  Time since last request: 77.803239 seconds.
  path: Assets/scripts/playfab_controller.cs
  artifactKey: Guid(1e45895b18b264b36ae7f1615112f757) Importer(815301076,1909f56bfc062723c751e8b465ee728b)
Start importing Assets/scripts/playfab_controller.cs using Guid(1e45895b18b264b36ae7f1615112f757) Importer(815301076,1909f56bfc062723c751e8b465ee728b)  -> (artifact id: 'b60c2a5b3d3682d0aa0dd7f14363d748') in 0.006148 seconds 
========================================================================
Received Import Request.
  Time since last request: 20.460339 seconds.
  path: Assets/scripts/playfab_controller.cs
  artifactKey: Guid(1e45895b18b264b36ae7f1615112f757) Importer(815301076,1909f56bfc062723c751e8b465ee728b)
Start importing Assets/scripts/playfab_controller.cs using Guid(1e45895b18b264b36ae7f1615112f757) Importer(815301076,1909f56bfc062723c751e8b465ee728b)  -> (artifact id: '3d752a7d6cf893435734f1d781a464a2') in 0.004105 seconds 
========================================================================
Received Import Request.
  Time since last request: 488.909639 seconds.
  path: Assets/scripts/playfab_controller.cs
  artifactKey: Guid(1e45895b18b264b36ae7f1615112f757) Importer(815301076,1909f56bfc062723c751e8b465ee728b)
Start importing Assets/scripts/playfab_controller.cs using Guid(1e45895b18b264b36ae7f1615112f757) Importer(815301076,1909f56bfc062723c751e8b465ee728b)  -> (artifact id: 'bb8e8a118de13e9a0244bfba3719ef13') in 0.004118 seconds 
========================================================================
Received Import Request.
  Time since last request: 406.988503 seconds.
  path: Assets/scripts/PlayfabM.cs
  artifactKey: Guid(3e55d2ba05354b544a2f198ac919be99) Importer(815301076,1909f56bfc062723c751e8b465ee728b)
Start importing Assets/scripts/PlayfabM.cs using Guid(3e55d2ba05354b544a2f198ac919be99) Importer(815301076,1909f56bfc062723c751e8b465ee728b)  -> (artifact id: '1f4b040d2e00bd5f65dca9b121a748c4') in 0.007445 seconds 
========================================================================
Received Import Request.
  Time since last request: 16.773744 seconds.
  path: Assets/scripts/PlayfabManager.cs
  artifactKey: Guid(b2411ba40584ff940bf3d4125cbcc88f) Importer(815301076,1909f56bfc062723c751e8b465ee728b)
Start importing Assets/scripts/PlayfabManager.cs using Guid(b2411ba40584ff940bf3d4125cbcc88f) Importer(815301076,1909f56bfc062723c751e8b465ee728b)  -> (artifact id: '9cb613e542d5dcbc08e3957cfab8e81b') in 0.009469 seconds 
========================================================================
Received Import Request.
  Time since last request: 288.564934 seconds.
  path: Assets/scripts/PlayfabManager.cs
  artifactKey: Guid(b2411ba40584ff940bf3d4125cbcc88f) Importer(815301076,1909f56bfc062723c751e8b465ee728b)
Start importing Assets/scripts/PlayfabManager.cs using Guid(b2411ba40584ff940bf3d4125cbcc88f) Importer(815301076,1909f56bfc062723c751e8b465ee728b)  -> (artifact id: '9769ce7cc2127c77e52f170448afbeed') in 0.013525 seconds 
========================================================================
Received Prepare
Registering precompiled user dll's ...
Registered in 0.003112 seconds.
Begin MonoManager ReloadAssembly
Native extension for WindowsStandalone target not found
Native extension for WebGL target not found
Refreshing native plugins compatible for Editor in 0.56 ms, found 2 plugins.
Preloading 0 native plugins for Editor in 0.00 ms.
Mono: successfully reloaded assembly
- Completed reload, in  1.642 seconds
Domain Reload Profiling:
	ReloadAssembly (1646ms)
		BeginReloadAssembly (323ms)
			ExecutionOrderSort (0ms)
			DisableScriptedObjects (18ms)
			BackupInstance (0ms)
			ReleaseScriptingObjects (0ms)
			CreateAndSetChildDomain (168ms)
		EndReloadAssembly (1254ms)
			LoadAssemblies (123ms)
			RebuildTransferFunctionScriptingTraits (1ms)
			SetupTypeCache (321ms)
			ReleaseScriptCaches (1ms)
			RebuildScriptCaches (43ms)
			SetupLoadedEditorAssemblies (671ms)
				LogAssemblyErrors (0ms)
				InitializePlatformSupportModulesInManaged (5ms)
				SetLoadedEditorAssemblies (1ms)
				RefreshPlugins (1ms)
				BeforeProcessingInitializeOnLoad (93ms)
				ProcessInitializeOnLoadAttributes (547ms)
				ProcessInitializeOnLoadMethodAttributes (16ms)
				AfterProcessingInitializeOnLoad (8ms)
				EditorAssembliesLoaded (0ms)
			ExecutionOrderSort2 (0ms)
			AwakeInstancesAfterBackupRestoration (3ms)
Platform modules already initialized, skipping
Refreshing native plugins compatible for Editor in 0.54 ms, found 2 plugins.
Preloading 0 native plugins for Editor in 0.00 ms.
Unloading 2321 Unused Serialized files (Serialized files now loaded: 0)
System memory in use before: 158.2 MB.
System memory in use after: 158.2 MB.

Unloading 15 unused Assets to reduce memory usage. Loaded Objects now: 2928.
Total: 3.437300 ms (FindLiveObjects: 0.225900 ms CreateObjectMapping: 0.128300 ms MarkObjects: 2.844000 ms  DeleteObjects: 0.237700 ms)

AssetImportParameters requested are different than current active one (requested -> active):
  custom:framework-win-MediaFoundation: 216162199b28c13a410421893ffa2e32 -> 
  custom:video-decoder-ogg-theora: a1e56fd34408186e4bbccfd4996cb3dc -> 
  custom:container-muxer-webm: aa71ff27fc2769a1b78a27578f13a17b -> 
  custom:container-demuxer-webm: 4f35f7cbe854078d1ac9338744f61a02 -> 
  custom:container-demuxer-ogg: 62fdf1f143b41e24485cea50d1cbac27 -> 
  custom:video-encoder-webm-vp8: eb34c28f22e8b96e1ab97ce403110664 -> 
  custom:video-codec-MediaFoundation-h265: 746d11721c4dcdbdad8f713fa42b33f4 -> 
  custom:video-decoder-webm-vp8: 9c59270c3fd7afecdb556c50c9e8de78 -> 
  custom:audio-decoder-ogg-vorbis: bf7c407c2cedff20999df2af8eb42d56 -> 
  custom:audio-encoder-webm-vorbis: bf7c407c2cedff20999df2af8eb42d56 -> 
========================================================================
Received Import Request.
  Time since last request: 896.632629 seconds.
  path: Assets/Scenes/UI.unity
  artifactKey: Guid(1c6bd38db3cea5a439bb1932a68be410) Importer(815301076,1909f56bfc062723c751e8b465ee728b)
Start importing Assets/Scenes/UI.unity using Guid(1c6bd38db3cea5a439bb1932a68be410) Importer(815301076,1909f56bfc062723c751e8b465ee728b)  -> (artifact id: '72ad8c4e7e6b965eb472f28c905145d1') in 0.016069 seconds 
========================================================================
Received Prepare
Registering precompiled user dll's ...
Registered in 0.003428 seconds.
Begin MonoManager ReloadAssembly
Native extension for WindowsStandalone target not found
Native extension for WebGL target not found
Refreshing native plugins compatible for Editor in 0.63 ms, found 2 plugins.
Preloading 0 native plugins for Editor in 0.00 ms.
Mono: successfully reloaded assembly
- Completed reload, in  1.578 seconds
Domain Reload Profiling:
	ReloadAssembly (1579ms)
		BeginReloadAssembly (216ms)
			ExecutionOrderSort (0ms)
			DisableScriptedObjects (9ms)
			BackupInstance (0ms)
			ReleaseScriptingObjects (0ms)
			CreateAndSetChildDomain (61ms)
		EndReloadAssembly (1292ms)
			LoadAssemblies (199ms)
			RebuildTransferFunctionScriptingTraits (0ms)
			SetupTypeCache (288ms)
			ReleaseScriptCaches (1ms)
			RebuildScriptCaches (49ms)
			SetupLoadedEditorAssemblies (704ms)
				LogAssemblyErrors (0ms)
				InitializePlatformSupportModulesInManaged (5ms)
				SetLoadedEditorAssemblies (0ms)
				RefreshPlugins (1ms)
				BeforeProcessingInitializeOnLoad (85ms)
				ProcessInitializeOnLoadAttributes (588ms)
				ProcessInitializeOnLoadMethodAttributes (18ms)
				AfterProcessingInitializeOnLoad (6ms)
				EditorAssembliesLoaded (0ms)
			ExecutionOrderSort2 (0ms)
			AwakeInstancesAfterBackupRestoration (4ms)
Platform modules already initialized, skipping
Refreshing native plugins compatible for Editor in 0.59 ms, found 2 plugins.
Preloading 0 native plugins for Editor in 0.00 ms.
Unloading 2321 Unused Serialized files (Serialized files now loaded: 0)
System memory in use before: 158.1 MB.
System memory in use after: 158.2 MB.

Unloading 15 unused Assets to reduce memory usage. Loaded Objects now: 2932.
Total: 3.507700 ms (FindLiveObjects: 0.238400 ms CreateObjectMapping: 0.109700 ms MarkObjects: 3.007200 ms  DeleteObjects: 0.151300 ms)

AssetImportParameters requested are different than current active one (requested -> active):
  custom:framework-win-MediaFoundation: 216162199b28c13a410421893ffa2e32 -> 
  custom:video-decoder-ogg-theora: a1e56fd34408186e4bbccfd4996cb3dc -> 
  custom:container-muxer-webm: aa71ff27fc2769a1b78a27578f13a17b -> 
  custom:container-demuxer-webm: 4f35f7cbe854078d1ac9338744f61a02 -> 
  custom:container-demuxer-ogg: 62fdf1f143b41e24485cea50d1cbac27 -> 
  custom:video-encoder-webm-vp8: eb34c28f22e8b96e1ab97ce403110664 -> 
  custom:video-codec-MediaFoundation-h265: 746d11721c4dcdbdad8f713fa42b33f4 -> 
  custom:video-decoder-webm-vp8: 9c59270c3fd7afecdb556c50c9e8de78 -> 
  custom:audio-decoder-ogg-vorbis: bf7c407c2cedff20999df2af8eb42d56 -> 
  custom:audio-encoder-webm-vorbis: bf7c407c2cedff20999df2af8eb42d56 -> 
========================================================================
Received Prepare
Registering precompiled user dll's ...
Registered in 0.002863 seconds.
Begin MonoManager ReloadAssembly
Native extension for WindowsStandalone target not found
Native extension for WebGL target not found
Refreshing native plugins compatible for Editor in 0.53 ms, found 2 plugins.
Preloading 0 native plugins for Editor in 0.00 ms.
Mono: successfully reloaded assembly
- Completed reload, in  1.645 seconds
Domain Reload Profiling:
	ReloadAssembly (1646ms)
		BeginReloadAssembly (120ms)
			ExecutionOrderSort (0ms)
			DisableScriptedObjects (4ms)
			BackupInstance (0ms)
			ReleaseScriptingObjects (0ms)
			CreateAndSetChildDomain (39ms)
		EndReloadAssembly (1467ms)
			LoadAssemblies (97ms)
			RebuildTransferFunctionScriptingTraits (0ms)
			SetupTypeCache (292ms)
			ReleaseScriptCaches (1ms)
			RebuildScriptCaches (41ms)
			SetupLoadedEditorAssemblies (937ms)
				LogAssemblyErrors (0ms)
				InitializePlatformSupportModulesInManaged (5ms)
				SetLoadedEditorAssemblies (0ms)
				RefreshPlugins (1ms)
				BeforeProcessingInitializeOnLoad (86ms)
				ProcessInitializeOnLoadAttributes (820ms)
				ProcessInitializeOnLoadMethodAttributes (18ms)
				AfterProcessingInitializeOnLoad (6ms)
				EditorAssembliesLoaded (0ms)
			ExecutionOrderSort2 (0ms)
			AwakeInstancesAfterBackupRestoration (4ms)
Platform modules already initialized, skipping
Refreshing native plugins compatible for Editor in 0.56 ms, found 2 plugins.
Preloading 0 native plugins for Editor in 0.00 ms.
Unloading 2321 Unused Serialized files (Serialized files now loaded: 0)
System memory in use before: 158.2 MB.
System memory in use after: 158.3 MB.

Unloading 15 unused Assets to reduce memory usage. Loaded Objects now: 2936.
Total: 3.444200 ms (FindLiveObjects: 0.207700 ms CreateObjectMapping: 0.125900 ms MarkObjects: 2.962400 ms  DeleteObjects: 0.147200 ms)

AssetImportParameters requested are different than current active one (requested -> active):
  custom:framework-win-MediaFoundation: 216162199b28c13a410421893ffa2e32 -> 
  custom:video-decoder-ogg-theora: a1e56fd34408186e4bbccfd4996cb3dc -> 
  custom:container-muxer-webm: aa71ff27fc2769a1b78a27578f13a17b -> 
  custom:container-demuxer-webm: 4f35f7cbe854078d1ac9338744f61a02 -> 
  custom:container-demuxer-ogg: 62fdf1f143b41e24485cea50d1cbac27 -> 
  custom:video-encoder-webm-vp8: eb34c28f22e8b96e1ab97ce403110664 -> 
  custom:video-codec-MediaFoundation-h265: 746d11721c4dcdbdad8f713fa42b33f4 -> 
  custom:video-decoder-webm-vp8: 9c59270c3fd7afecdb556c50c9e8de78 -> 
  custom:audio-decoder-ogg-vorbis: bf7c407c2cedff20999df2af8eb42d56 -> 
  custom:audio-encoder-webm-vorbis: bf7c407c2cedff20999df2af8eb42d56 -> 
========================================================================
Received Prepare
Refreshing native plugins compatible for Editor in 9.78 ms, found 2 plugins.
Preloading 0 native plugins for Editor in 0.00 ms.
Unloading 12 Unused Serialized files (Serialized files now loaded: 0)
System memory in use before: 112.3 MB.
System memory in use after: 112.4 MB.

Unloading 12 unused Assets to reduce memory usage. Loaded Objects now: 2936.
Total: 10.034000 ms (FindLiveObjects: 0.530700 ms CreateObjectMapping: 0.460200 ms MarkObjects: 8.618500 ms  DeleteObjects: 0.420500 ms)

AssetImportParameters requested are different than current active one (requested -> active):
  custom:framework-win-MediaFoundation: 216162199b28c13a410421893ffa2e32 -> 
  custom:video-decoder-ogg-theora: a1e56fd34408186e4bbccfd4996cb3dc -> 
  custom:container-muxer-webm: aa71ff27fc2769a1b78a27578f13a17b -> 
  custom:container-demuxer-webm: 4f35f7cbe854078d1ac9338744f61a02 -> 
  custom:container-demuxer-ogg: 62fdf1f143b41e24485cea50d1cbac27 -> 
  custom:video-encoder-webm-vp8: eb34c28f22e8b96e1ab97ce403110664 -> 
  custom:video-codec-MediaFoundation-h265: 746d11721c4dcdbdad8f713fa42b33f4 -> 
  custom:video-decoder-webm-vp8: 9c59270c3fd7afecdb556c50c9e8de78 -> 
  custom:audio-decoder-ogg-vorbis: bf7c407c2cedff20999df2af8eb42d56 -> 
  custom:audio-encoder-webm-vorbis: bf7c407c2cedff20999df2af8eb42d56 -> 
AssetImportWorkerClient::OnTransportError - code=2 error=End of file
